Build started 11/10/2015 8:48:09 AM.
     1>Project "Z:\STACK\Stack_Lab-master\Memory_Stack\Memory_Stack.vcxproj" on node 2 (build target(s)).
     1>InitializeBuildStatus:
         Touching "Debug\Memory_Stack.unsuccessfulbuild".
       ClCompile:
         All outputs are up-to-date.
         c:\Program Files (x86)\Microsoft Visual Studio 10.0\VC\bin\CL.exe /c /ZI /nologo /W3 /WX- /Od /Oy- /D WIN32 /D _DEBUG /D _CONSOLE /D _UNICODE /D UNICODE /Gm /EHsc /RTC1 /MDd /GS /fp:precise /Zc:wchar_t /Zc:forScope /Yu"StdAfx.h" /Fp"Debug\Memory_Stack.pch" /Fo"Debug\\" /Fd"Debug\vc100.pdb" /Gd /TP /analyze- /errorReport:prompt TParser.cpp
         TParser.cpp
     1>z:\stack\stack_lab-master\memory_stack\tparser.cpp(3): fatal error C1075: end of file found before the left brace '{' at 'z:\stack\stack_lab-master\memory_stack\tparser.h(53)' was matched
     1>Done Building Project "Z:\STACK\Stack_Lab-master\Memory_Stack\Memory_Stack.vcxproj" (build target(s)) -- FAILED.

Build FAILED.

Time Elapsed 00:00:13.59
